<?xml version="1.0" encoding="UTF-8"?>
<testng-results ignored="3" total="6" passed="2" failed="1" skipped="0">
  <reporter-output>
  </reporter-output>
  <suite started-at="2019-09-18T20:53:10 ART" name="Default suite" finished-at="2019-09-18T20:53:57 ART" duration-ms="47677">
    <groups>
    </groups>
    <test started-at="2019-09-18T20:53:10 ART" name="Default test" finished-at="2019-09-18T20:53:57 ART" duration-ms="47677">
      <class name="test.TestAutomation">
        <test-method is-config="true" signature="inicializarBrowser()[pri:0, instance:test.TestAutomation@78e94dcf]" started-at="2019-09-18T20:53:10 ART" name="inicializarBrowser" finished-at="2019-09-18T20:53:21 ART" duration-ms="10912" status="PASS">
          <reporter-output>
          </reporter-output>
        </test-method> <!-- inicializarBrowser -->
        <test-method signature="Login_Correcto(java.lang.String, java.lang.String, java.lang.String, java.lang.String)[pri:0, instance:test.TestAutomation@78e94dcf]" started-at="2019-09-18T20:53:21 ART" name="Login_Correcto" data-provider="LoginCorrecto" finished-at="2019-09-18T20:53:26 ART" duration-ms="5057" status="PASS">
          <params>
            <param index="0">
              <value>
                <![CDATA[xMBY@hwRd.com]]>
              </value>
            </param>
            <param index="1">
              <value>
                <![CDATA[NoseJose]]>
              </value>
            </param>
            <param index="2">
              <value>
                <![CDATA[BRMS]]>
              </value>
            </param>
            <param index="3">
              <value>
                <![CDATA[KTkIL]]>
              </value>
            </param>
          </params>
          <reporter-output>
          </reporter-output>
        </test-method> <!-- Login_Correcto -->
        <test-method is-config="true" signature="cerrarBrowser()[pri:0, instance:test.TestAutomation@78e94dcf]" started-at="2019-09-18T20:53:26 ART" name="cerrarBrowser" finished-at="2019-09-18T20:53:26 ART" duration-ms="706" status="PASS">
          <reporter-output>
          </reporter-output>
        </test-method> <!-- cerrarBrowser -->
        <test-method is-config="true" signature="inicializarBrowser()[pri:0, instance:test.TestAutomation@78e94dcf]" started-at="2019-09-18T20:53:26 ART" name="inicializarBrowser" finished-at="2019-09-18T20:53:38 ART" duration-ms="11753" status="PASS">
          <reporter-output>
          </reporter-output>
        </test-method> <!-- inicializarBrowser -->
        <test-method signature="Login_Correcto(java.lang.String, java.lang.String, java.lang.String, java.lang.String)[pri:0, instance:test.TestAutomation@78e94dcf]" started-at="2019-09-18T20:53:38 ART" name="Login_Correcto" data-provider="LoginCorrecto" finished-at="2019-09-18T20:53:42 ART" duration-ms="3711" status="FAIL">
          <params>
            <param index="0">
              <value>
                <![CDATA[nPmP@zcuz.com]]>
              </value>
            </param>
            <param index="1">
              <value>
                <![CDATA[asdasd]]>
              </value>
            </param>
            <param index="2">
              <value>
                <![CDATA[nUjk]]>
              </value>
            </param>
            <param index="3">
              <value>
                <![CDATA[FtrEX]]>
              </value>
            </param>
          </params>
          <exception class="java.lang.AssertionError">
            <message>
              <![CDATA[Error en caso de Datos Incorrectos! expected:<nUjk FtrEX> but was:<Sign in>]]>
            </message>
            <full-stacktrace>
              <![CDATA[java.lang.AssertionError: Error en caso de Datos Incorrectos! expected:<nUjk FtrEX> but was:<Sign in>
at org.testng.AssertJUnit.assertEquals(AssertJUnit.java:82)
at test.TestAutomation.Login_Correcto(TestAutomation.java:67)
at java.base/jdk.internal.reflect.NativeMethodAccessorImpl.invoke0(Native Method)
at java.base/jdk.internal.reflect.NativeMethodAccessorImpl.invoke(NativeMethodAccessorImpl.java:62)
at java.base/jdk.internal.reflect.DelegatingMethodAccessorImpl.invoke(DelegatingMethodAccessorImpl.java:43)
at java.base/java.lang.reflect.Method.invoke(Method.java:567)
at org.testng.internal.MethodInvocationHelper.invokeMethod(MethodInvocationHelper.java:133)
at org.testng.internal.TestInvoker.invokeMethod(TestInvoker.java:584)
at org.testng.internal.TestInvoker.invokeTestMethod(TestInvoker.java:172)
at org.testng.internal.MethodRunner.runInSequence(MethodRunner.java:46)
at org.testng.internal.TestInvoker$MethodInvocationAgent.invoke(TestInvoker.java:804)
at org.testng.internal.TestInvoker.invokeTestMethods(TestInvoker.java:145)
at org.testng.internal.TestMethodWorker.invokeTestMethods(TestMethodWorker.java:146)
at org.testng.internal.TestMethodWorker.run(TestMethodWorker.java:128)
at java.base/java.util.ArrayList.forEach(ArrayList.java:1507)
at org.testng.TestRunner.privateRun(TestRunner.java:770)
at org.testng.TestRunner.run(TestRunner.java:591)
at org.testng.SuiteRunner.runTest(SuiteRunner.java:402)
at org.testng.SuiteRunner.runSequentially(SuiteRunner.java:396)
at org.testng.SuiteRunner.privateRun(SuiteRunner.java:355)
at org.testng.SuiteRunner.run(SuiteRunner.java:304)
at org.testng.SuiteRunnerWorker.runSuite(SuiteRunnerWorker.java:53)
at org.testng.SuiteRunnerWorker.run(SuiteRunnerWorker.java:96)
at org.testng.TestNG.runSuitesSequentially(TestNG.java:1180)
at org.testng.TestNG.runSuitesLocally(TestNG.java:1102)
at org.testng.TestNG.runSuites(TestNG.java:1032)
at org.testng.TestNG.run(TestNG.java:1000)
at org.testng.remote.AbstractRemoteTestNG.run(AbstractRemoteTestNG.java:115)
at org.testng.remote.RemoteTestNG.initAndRun(RemoteTestNG.java:251)
at org.testng.remote.RemoteTestNG.main(RemoteTestNG.java:77)
]]>
            </full-stacktrace>
          </exception> <!-- java.lang.AssertionError -->
          <reporter-output>
          </reporter-output>
        </test-method> <!-- Login_Correcto -->
        <test-method is-config="true" signature="cerrarBrowser()[pri:0, instance:test.TestAutomation@78e94dcf]" started-at="2019-09-18T20:53:42 ART" name="cerrarBrowser" finished-at="2019-09-18T20:53:42 ART" duration-ms="692" status="PASS">
          <reporter-output>
          </reporter-output>
        </test-method> <!-- cerrarBrowser -->
        <test-method is-config="true" signature="inicializarBrowser()[pri:0, instance:test.TestAutomation@78e94dcf]" started-at="2019-09-18T20:53:42 ART" name="inicializarBrowser" finished-at="2019-09-18T20:53:52 ART" duration-ms="9936" status="PASS">
          <reporter-output>
          </reporter-output>
        </test-method> <!-- inicializarBrowser -->
        <test-method signature="Login_Correcto(java.lang.String, java.lang.String, java.lang.String, java.lang.String)[pri:0, instance:test.TestAutomation@78e94dcf]" started-at="2019-09-18T20:53:52 ART" name="Login_Correcto" data-provider="LoginCorrecto" finished-at="2019-09-18T20:53:57 ART" duration-ms="4139" status="PASS">
          <params>
            <param index="0">
              <value>
                <![CDATA[BWyA@CEnq.com]]>
              </value>
            </param>
            <param index="1">
              <value>
                <![CDATA[TresNoseJose]]>
              </value>
            </param>
            <param index="2">
              <value>
                <![CDATA[FbtB]]>
              </value>
            </param>
            <param index="3">
              <value>
                <![CDATA[ipqeP]]>
              </value>
            </param>
          </params>
          <reporter-output>
          </reporter-output>
        </test-method> <!-- Login_Correcto -->
        <test-method is-config="true" signature="cerrarBrowser()[pri:0, instance:test.TestAutomation@78e94dcf]" started-at="2019-09-18T20:53:57 ART" name="cerrarBrowser" finished-at="2019-09-18T20:53:57 ART" duration-ms="677" status="PASS">
          <reporter-output>
          </reporter-output>
        </test-method> <!-- cerrarBrowser -->
      </class> <!-- test.TestAutomation -->
    </test> <!-- Default test -->
  </suite> <!-- Default suite -->
</testng-results>
